2023-07-17T07:36:42.876-04:00  INFO 22504 --- [restartedMain] c.s.b.BookReviewAppApplication           : Starting BookReviewAppApplication using Java 20.0.1 with PID 22504 (C:\Users\jerij\Documents\DV_Specs_Capstone\bookReviewApp\target\classes started by jerij in C:\Users\jerij\Documents\DV_Specs_Capstone\bookReviewApp)
2023-07-17T07:36:42.878-04:00  INFO 22504 --- [restartedMain] c.s.b.BookReviewAppApplication           : No active profile set, falling back to 1 default profile: "default"
2023-07-17T07:36:42.938-04:00  INFO 22504 --- [restartedMain] .e.DevToolsPropertyDefaultsPostProcessor : Devtools property defaults active! Set 'spring.devtools.add-properties' to 'false' to disable
2023-07-17T07:36:42.938-04:00  INFO 22504 --- [restartedMain] .e.DevToolsPropertyDefaultsPostProcessor : For additional web related logging consider setting the 'logging.level.web' property to 'DEBUG'
2023-07-17T07:36:43.768-04:00  INFO 22504 --- [restartedMain] .s.d.r.c.RepositoryConfigurationDelegate : Bootstrapping Spring Data JPA repositories in DEFAULT mode.
2023-07-17T07:36:43.865-04:00  INFO 22504 --- [restartedMain] .s.d.r.c.RepositoryConfigurationDelegate : Finished Spring Data repository scanning in 88 ms. Found 6 JPA repository interfaces.
2023-07-17T07:36:44.758-04:00  INFO 22504 --- [restartedMain] o.s.b.w.embedded.tomcat.TomcatWebServer  : Tomcat initialized with port(s): 8080 (http)
2023-07-17T07:36:44.768-04:00  INFO 22504 --- [restartedMain] o.apache.catalina.core.StandardService   : Starting service [Tomcat]
2023-07-17T07:36:44.769-04:00  INFO 22504 --- [restartedMain] o.apache.catalina.core.StandardEngine    : Starting Servlet engine: [Apache Tomcat/10.1.10]
2023-07-17T07:36:44.821-04:00  INFO 22504 --- [restartedMain] o.a.c.c.C.[Tomcat].[localhost].[/]       : Initializing Spring embedded WebApplicationContext
2023-07-17T07:36:44.821-04:00  INFO 22504 --- [restartedMain] w.s.c.ServletWebServerApplicationContext : Root WebApplicationContext: initialization completed in 1883 ms
2023-07-17T07:36:45.013-04:00  INFO 22504 --- [restartedMain] o.hibernate.jpa.internal.util.LogHelper  : HHH000204: Processing PersistenceUnitInfo [name: default]
2023-07-17T07:36:45.108-04:00  INFO 22504 --- [restartedMain] org.hibernate.Version                    : HHH000412: Hibernate ORM core version 6.2.5.Final
2023-07-17T07:36:45.111-04:00  INFO 22504 --- [restartedMain] org.hibernate.cfg.Environment            : HHH000406: Using bytecode reflection optimizer
2023-07-17T07:36:45.252-04:00  INFO 22504 --- [restartedMain] o.h.b.i.BytecodeProviderInitiator        : HHH000021: Bytecode provider name : bytebuddy
2023-07-17T07:36:45.391-04:00  INFO 22504 --- [restartedMain] o.s.o.j.p.SpringPersistenceUnitInfo      : No LoadTimeWeaver setup: ignoring JPA class transformer
2023-07-17T07:36:45.408-04:00  INFO 22504 --- [restartedMain] com.zaxxer.hikari.HikariDataSource       : HikariPool-1 - Starting...
2023-07-17T07:36:45.602-04:00  INFO 22504 --- [restartedMain] com.zaxxer.hikari.pool.HikariPool        : HikariPool-1 - Added connection org.postgresql.jdbc.PgConnection@34f7917d
2023-07-17T07:36:45.604-04:00  INFO 22504 --- [restartedMain] com.zaxxer.hikari.HikariDataSource       : HikariPool-1 - Start completed.
2023-07-17T07:36:45.897-04:00  INFO 22504 --- [restartedMain] o.h.b.i.BytecodeProviderInitiator        : HHH000021: Bytecode provider name : bytebuddy
2023-07-17T07:36:46.588-04:00  INFO 22504 --- [restartedMain] o.h.e.t.j.p.i.JtaPlatformInitiator       : HHH000490: Using JtaPlatform implementation: [org.hibernate.engine.transaction.jta.platform.internal.NoJtaPlatform]
2023-07-17T07:36:46.603-04:00 DEBUG 22504 --- [restartedMain] org.hibernate.SQL                        : alter table if exists books drop constraint if exists FKfjixh2vym2cvfj3ufxj91jem7
2023-07-17T07:36:46.608-04:00  WARN 22504 --- [restartedMain] o.h.engine.jdbc.spi.SqlExceptionHelper   : SQL Warning Code: 0, SQLState: 00000
2023-07-17T07:36:46.608-04:00  WARN 22504 --- [restartedMain] o.h.engine.jdbc.spi.SqlExceptionHelper   : relation "books" does not exist, skipping
2023-07-17T07:36:46.609-04:00 DEBUG 22504 --- [restartedMain] org.hibernate.SQL                        : alter table if exists bookshelf drop constraint if exists FKpo9br4r8qpk6nxjnd2tcd1nso
2023-07-17T07:36:46.609-04:00  WARN 22504 --- [restartedMain] o.h.engine.jdbc.spi.SqlExceptionHelper   : SQL Warning Code: 0, SQLState: 00000
2023-07-17T07:36:46.610-04:00  WARN 22504 --- [restartedMain] o.h.engine.jdbc.spi.SqlExceptionHelper   : relation "bookshelf" does not exist, skipping
2023-07-17T07:36:46.610-04:00 DEBUG 22504 --- [restartedMain] org.hibernate.SQL                        : alter table if exists bookshelf drop constraint if exists FKm9xalchls1ovyd7m8it34mgod
2023-07-17T07:36:46.610-04:00  WARN 22504 --- [restartedMain] o.h.engine.jdbc.spi.SqlExceptionHelper   : SQL Warning Code: 0, SQLState: 00000
2023-07-17T07:36:46.610-04:00  WARN 22504 --- [restartedMain] o.h.engine.jdbc.spi.SqlExceptionHelper   : relation "bookshelf" does not exist, skipping
2023-07-17T07:36:46.610-04:00 DEBUG 22504 --- [restartedMain] org.hibernate.SQL                        : alter table if exists ratings drop constraint if exists FKkfvr37p77ac6tn72nqk0927q0
2023-07-17T07:36:46.611-04:00  WARN 22504 --- [restartedMain] o.h.engine.jdbc.spi.SqlExceptionHelper   : SQL Warning Code: 0, SQLState: 00000
2023-07-17T07:36:46.611-04:00  WARN 22504 --- [restartedMain] o.h.engine.jdbc.spi.SqlExceptionHelper   : relation "ratings" does not exist, skipping
2023-07-17T07:36:46.611-04:00 DEBUG 22504 --- [restartedMain] org.hibernate.SQL                        : alter table if exists ratings drop constraint if exists FKldi3twb2xod3e4byd4xx35cqi
2023-07-17T07:36:46.612-04:00  WARN 22504 --- [restartedMain] o.h.engine.jdbc.spi.SqlExceptionHelper   : SQL Warning Code: 0, SQLState: 00000
2023-07-17T07:36:46.612-04:00  WARN 22504 --- [restartedMain] o.h.engine.jdbc.spi.SqlExceptionHelper   : relation "ratings" does not exist, skipping
2023-07-17T07:36:46.612-04:00 DEBUG 22504 --- [restartedMain] org.hibernate.SQL                        : alter table if exists ratings drop constraint if exists FKb3354ee2xxvdrbyq9f42jdayd
2023-07-17T07:36:46.612-04:00  WARN 22504 --- [restartedMain] o.h.engine.jdbc.spi.SqlExceptionHelper   : SQL Warning Code: 0, SQLState: 00000
2023-07-17T07:36:46.612-04:00  WARN 22504 --- [restartedMain] o.h.engine.jdbc.spi.SqlExceptionHelper   : relation "ratings" does not exist, skipping
2023-07-17T07:36:46.613-04:00 DEBUG 22504 --- [restartedMain] org.hibernate.SQL                        : alter table if exists reviews drop constraint if exists FKtrnvqp8p8qckc01n5ie74kugv
2023-07-17T07:36:46.613-04:00  WARN 22504 --- [restartedMain] o.h.engine.jdbc.spi.SqlExceptionHelper   : SQL Warning Code: 0, SQLState: 00000
2023-07-17T07:36:46.613-04:00  WARN 22504 --- [restartedMain] o.h.engine.jdbc.spi.SqlExceptionHelper   : relation "reviews" does not exist, skipping
2023-07-17T07:36:46.613-04:00 DEBUG 22504 --- [restartedMain] org.hibernate.SQL                        : alter table if exists reviews drop constraint if exists FK6a9k6xvev80se5rreqvuqr7f9
2023-07-17T07:36:46.614-04:00  WARN 22504 --- [restartedMain] o.h.engine.jdbc.spi.SqlExceptionHelper   : SQL Warning Code: 0, SQLState: 00000
2023-07-17T07:36:46.614-04:00  WARN 22504 --- [restartedMain] o.h.engine.jdbc.spi.SqlExceptionHelper   : relation "reviews" does not exist, skipping
2023-07-17T07:36:46.614-04:00 DEBUG 22504 --- [restartedMain] org.hibernate.SQL                        : alter table if exists reviews drop constraint if exists FKcgy7qjc1r99dp117y9en6lxye
2023-07-17T07:36:46.614-04:00  WARN 22504 --- [restartedMain] o.h.engine.jdbc.spi.SqlExceptionHelper   : SQL Warning Code: 0, SQLState: 00000
2023-07-17T07:36:46.614-04:00  WARN 22504 --- [restartedMain] o.h.engine.jdbc.spi.SqlExceptionHelper   : relation "reviews" does not exist, skipping
2023-07-17T07:36:46.614-04:00 DEBUG 22504 --- [restartedMain] org.hibernate.SQL                        : drop table if exists authors cascade
2023-07-17T07:36:46.614-04:00  WARN 22504 --- [restartedMain] o.h.engine.jdbc.spi.SqlExceptionHelper   : SQL Warning Code: 0, SQLState: 00000
2023-07-17T07:36:46.614-04:00  WARN 22504 --- [restartedMain] o.h.engine.jdbc.spi.SqlExceptionHelper   : table "authors" does not exist, skipping
2023-07-17T07:36:46.615-04:00 DEBUG 22504 --- [restartedMain] org.hibernate.SQL                        : drop table if exists books cascade
2023-07-17T07:36:46.615-04:00  WARN 22504 --- [restartedMain] o.h.engine.jdbc.spi.SqlExceptionHelper   : SQL Warning Code: 0, SQLState: 00000
2023-07-17T07:36:46.615-04:00  WARN 22504 --- [restartedMain] o.h.engine.jdbc.spi.SqlExceptionHelper   : table "books" does not exist, skipping
2023-07-17T07:36:46.615-04:00 DEBUG 22504 --- [restartedMain] org.hibernate.SQL                        : drop table if exists bookshelf cascade
2023-07-17T07:36:46.616-04:00  WARN 22504 --- [restartedMain] o.h.engine.jdbc.spi.SqlExceptionHelper   : SQL Warning Code: 0, SQLState: 00000
2023-07-17T07:36:46.616-04:00  WARN 22504 --- [restartedMain] o.h.engine.jdbc.spi.SqlExceptionHelper   : table "bookshelf" does not exist, skipping
2023-07-17T07:36:46.616-04:00 DEBUG 22504 --- [restartedMain] org.hibernate.SQL                        : drop table if exists ratings cascade
2023-07-17T07:36:46.616-04:00  WARN 22504 --- [restartedMain] o.h.engine.jdbc.spi.SqlExceptionHelper   : SQL Warning Code: 0, SQLState: 00000
2023-07-17T07:36:46.616-04:00  WARN 22504 --- [restartedMain] o.h.engine.jdbc.spi.SqlExceptionHelper   : table "ratings" does not exist, skipping
2023-07-17T07:36:46.617-04:00 DEBUG 22504 --- [restartedMain] org.hibernate.SQL                        : drop table if exists reviews cascade
2023-07-17T07:36:46.617-04:00  WARN 22504 --- [restartedMain] o.h.engine.jdbc.spi.SqlExceptionHelper   : SQL Warning Code: 0, SQLState: 00000
2023-07-17T07:36:46.617-04:00  WARN 22504 --- [restartedMain] o.h.engine.jdbc.spi.SqlExceptionHelper   : table "reviews" does not exist, skipping
2023-07-17T07:36:46.618-04:00 DEBUG 22504 --- [restartedMain] org.hibernate.SQL                        : drop table if exists users cascade
2023-07-17T07:36:46.618-04:00  WARN 22504 --- [restartedMain] o.h.engine.jdbc.spi.SqlExceptionHelper   : SQL Warning Code: 0, SQLState: 00000
2023-07-17T07:36:46.618-04:00  WARN 22504 --- [restartedMain] o.h.engine.jdbc.spi.SqlExceptionHelper   : table "users" does not exist, skipping
2023-07-17T07:36:46.622-04:00 DEBUG 22504 --- [restartedMain] org.hibernate.SQL                        : create table authors (author_id bigserial not null, name varchar(255), primary key (author_id))
2023-07-17T07:36:46.634-04:00 DEBUG 22504 --- [restartedMain] org.hibernate.SQL                        : create table books (author_id bigint, book_id bigserial not null, image varchar(255), isbn varchar(255), title varchar(255), primary key (book_id))
2023-07-17T07:36:46.640-04:00 DEBUG 22504 --- [restartedMain] org.hibernate.SQL                        : create table bookshelf (book_id bigint, shelf_id bigserial not null, user_id bigint, read_status varchar(255), primary key (shelf_id))
2023-07-17T07:36:46.644-04:00 DEBUG 22504 --- [restartedMain] org.hibernate.SQL                        : create table ratings (overall_ranking float4, rating float4, author_id bigint, book_id bigint, rating_id bigserial not null, user_id bigint, primary key (rating_id))
2023-07-17T07:36:46.648-04:00 DEBUG 22504 --- [restartedMain] org.hibernate.SQL                        : create table reviews (author_id bigint, book_id bigint, review_id bigserial not null, user_id bigint, review varchar(255), primary key (review_id))
2023-07-17T07:36:46.653-04:00 DEBUG 22504 --- [restartedMain] org.hibernate.SQL                        : create table users (zip_code integer, date_of_birth timestamp(6), user_id bigserial not null, address varchar(255), city varchar(255), email varchar(255), first_name varchar(255), last_name varchar(255), password varchar(255), phone_number varchar(255), state varchar(255), username varchar(255), primary key (user_id))
2023-07-17T07:36:46.659-04:00 DEBUG 22504 --- [restartedMain] org.hibernate.SQL                        : alter table if exists books add constraint FKfjixh2vym2cvfj3ufxj91jem7 foreign key (author_id) references authors
2023-07-17T07:36:46.662-04:00 DEBUG 22504 --- [restartedMain] org.hibernate.SQL                        : alter table if exists bookshelf add constraint FKpo9br4r8qpk6nxjnd2tcd1nso foreign key (book_id) references books
2023-07-17T07:36:46.664-04:00 DEBUG 22504 --- [restartedMain] org.hibernate.SQL                        : alter table if exists bookshelf add constraint FKm9xalchls1ovyd7m8it34mgod foreign key (user_id) references users
2023-07-17T07:36:46.667-04:00 DEBUG 22504 --- [restartedMain] org.hibernate.SQL                        : alter table if exists ratings add constraint FKkfvr37p77ac6tn72nqk0927q0 foreign key (author_id) references authors
2023-07-17T07:36:46.669-04:00 DEBUG 22504 --- [restartedMain] org.hibernate.SQL                        : alter table if exists ratings add constraint FKldi3twb2xod3e4byd4xx35cqi foreign key (book_id) references books
2023-07-17T07:36:46.671-04:00 DEBUG 22504 --- [restartedMain] org.hibernate.SQL                        : alter table if exists ratings add constraint FKb3354ee2xxvdrbyq9f42jdayd foreign key (user_id) references users
2023-07-17T07:36:46.673-04:00 DEBUG 22504 --- [restartedMain] org.hibernate.SQL                        : alter table if exists reviews add constraint FKtrnvqp8p8qckc01n5ie74kugv foreign key (author_id) references authors
2023-07-17T07:36:46.675-04:00 DEBUG 22504 --- [restartedMain] org.hibernate.SQL                        : alter table if exists reviews add constraint FK6a9k6xvev80se5rreqvuqr7f9 foreign key (book_id) references books
2023-07-17T07:36:46.677-04:00 DEBUG 22504 --- [restartedMain] org.hibernate.SQL                        : alter table if exists reviews add constraint FKcgy7qjc1r99dp117y9en6lxye foreign key (user_id) references users
2023-07-17T07:36:46.682-04:00  INFO 22504 --- [restartedMain] j.LocalContainerEntityManagerFactoryBean : Initialized JPA EntityManagerFactory for persistence unit 'default'
2023-07-17T07:36:47.269-04:00  WARN 22504 --- [restartedMain] JpaBaseConfiguration$JpaWebConfiguration : spring.jpa.open-in-view is enabled by default. Therefore, database queries may be performed during view rendering. Explicitly configure spring.jpa.open-in-view to disable this warning
2023-07-17T07:36:47.360-04:00  WARN 22504 --- [restartedMain] .s.s.UserDetailsServiceAutoConfiguration : 

Using generated security password: f342b641-21df-4ddf-a0d1-a6c1b2ee2b01

This generated password is for development use only. Your security configuration must be updated before running your application in production.

2023-07-17T07:36:47.694-04:00  INFO 22504 --- [restartedMain] o.s.s.web.DefaultSecurityFilterChain     : Will secure any request with [org.springframework.security.web.session.DisableEncodeUrlFilter@55fdafde, org.springframework.security.web.context.request.async.WebAsyncManagerIntegrationFilter@55789d8f, org.springframework.security.web.context.SecurityContextHolderFilter@41321e32, org.springframework.security.web.header.HeaderWriterFilter@4ca3d876, org.springframework.security.web.authentication.logout.LogoutFilter@236ceea, org.springframework.security.web.authentication.UsernamePasswordAuthenticationFilter@6ffc409d, org.springframework.security.web.savedrequest.RequestCacheAwareFilter@6c152aa4, org.springframework.security.web.servletapi.SecurityContextHolderAwareRequestFilter@72d2bcbc, org.springframework.security.web.authentication.AnonymousAuthenticationFilter@2e9787a6, org.springframework.security.web.access.ExceptionTranslationFilter@26085d9e, org.springframework.security.web.access.intercept.AuthorizationFilter@6238346a]
2023-07-17T07:36:48.048-04:00  INFO 22504 --- [restartedMain] o.s.b.d.a.OptionalLiveReloadServer       : LiveReload server is running on port 35729
2023-07-17T07:36:48.078-04:00  INFO 22504 --- [restartedMain] o.s.b.w.embedded.tomcat.TomcatWebServer  : Tomcat started on port(s): 8080 (http) with context path ''
2023-07-17T07:36:48.087-04:00  INFO 22504 --- [restartedMain] c.s.b.BookReviewAppApplication           : Started BookReviewAppApplication in 5.672 seconds (process running for 6.197)
2023-07-17T07:37:45.284-04:00  INFO 22504 --- [http-nio-8080-exec-2] o.a.c.c.C.[Tomcat].[localhost].[/]       : Initializing Spring DispatcherServlet 'dispatcherServlet'
2023-07-17T07:37:45.285-04:00  INFO 22504 --- [http-nio-8080-exec-2] o.s.web.servlet.DispatcherServlet        : Initializing Servlet 'dispatcherServlet'
2023-07-17T07:37:45.287-04:00  INFO 22504 --- [http-nio-8080-exec-2] o.s.web.servlet.DispatcherServlet        : Completed initialization in 2 ms
2023-07-17T07:43:40.010-04:00  INFO 22504 --- [SpringApplicationShutdownHook] j.LocalContainerEntityManagerFactoryBean : Closing JPA EntityManagerFactory for persistence unit 'default'
2023-07-17T07:43:40.011-04:00 DEBUG 22504 --- [SpringApplicationShutdownHook] org.hibernate.SQL                        : alter table if exists books drop constraint if exists FKfjixh2vym2cvfj3ufxj91jem7
2023-07-17T07:43:40.018-04:00 DEBUG 22504 --- [SpringApplicationShutdownHook] org.hibernate.SQL                        : alter table if exists bookshelf drop constraint if exists FKpo9br4r8qpk6nxjnd2tcd1nso
2023-07-17T07:43:40.020-04:00 DEBUG 22504 --- [SpringApplicationShutdownHook] org.hibernate.SQL                        : alter table if exists bookshelf drop constraint if exists FKm9xalchls1ovyd7m8it34mgod
2023-07-17T07:43:40.021-04:00 DEBUG 22504 --- [SpringApplicationShutdownHook] org.hibernate.SQL                        : alter table if exists ratings drop constraint if exists FKkfvr37p77ac6tn72nqk0927q0
2023-07-17T07:43:40.022-04:00 DEBUG 22504 --- [SpringApplicationShutdownHook] org.hibernate.SQL                        : alter table if exists ratings drop constraint if exists FKldi3twb2xod3e4byd4xx35cqi
2023-07-17T07:43:40.024-04:00 DEBUG 22504 --- [SpringApplicationShutdownHook] org.hibernate.SQL                        : alter table if exists ratings drop constraint if exists FKb3354ee2xxvdrbyq9f42jdayd
2023-07-17T07:43:40.025-04:00 DEBUG 22504 --- [SpringApplicationShutdownHook] org.hibernate.SQL                        : alter table if exists reviews drop constraint if exists FKtrnvqp8p8qckc01n5ie74kugv
2023-07-17T07:43:40.027-04:00 DEBUG 22504 --- [SpringApplicationShutdownHook] org.hibernate.SQL                        : alter table if exists reviews drop constraint if exists FK6a9k6xvev80se5rreqvuqr7f9
2023-07-17T07:43:40.028-04:00 DEBUG 22504 --- [SpringApplicationShutdownHook] org.hibernate.SQL                        : alter table if exists reviews drop constraint if exists FKcgy7qjc1r99dp117y9en6lxye
2023-07-17T07:43:40.029-04:00 DEBUG 22504 --- [SpringApplicationShutdownHook] org.hibernate.SQL                        : drop table if exists authors cascade
2023-07-17T07:43:40.034-04:00 DEBUG 22504 --- [SpringApplicationShutdownHook] org.hibernate.SQL                        : drop table if exists books cascade
2023-07-17T07:43:40.038-04:00 DEBUG 22504 --- [SpringApplicationShutdownHook] org.hibernate.SQL                        : drop table if exists bookshelf cascade
2023-07-17T07:43:40.041-04:00 DEBUG 22504 --- [SpringApplicationShutdownHook] org.hibernate.SQL                        : drop table if exists ratings cascade
2023-07-17T07:43:40.045-04:00 DEBUG 22504 --- [SpringApplicationShutdownHook] org.hibernate.SQL                        : drop table if exists reviews cascade
2023-07-17T07:43:40.050-04:00 DEBUG 22504 --- [SpringApplicationShutdownHook] org.hibernate.SQL                        : drop table if exists users cascade
2023-07-17T07:43:40.058-04:00  INFO 22504 --- [SpringApplicationShutdownHook] com.zaxxer.hikari.HikariDataSource       : HikariPool-1 - Shutdown initiated...
2023-07-17T07:43:40.061-04:00  INFO 22504 --- [SpringApplicationShutdownHook] com.zaxxer.hikari.HikariDataSource       : HikariPool-1 - Shutdown completed.
2023-07-17T07:44:34.331-04:00  INFO 25252 --- [main] c.s.b.BookReviewAppApplicationTests      : Starting BookReviewAppApplicationTests using Java 20.0.1 with PID 25252 (started by jerij in C:\Users\jerij\Documents\DV_Specs_Capstone\bookReviewApp)
2023-07-17T07:44:34.332-04:00  INFO 25252 --- [main] c.s.b.BookReviewAppApplicationTests      : No active profile set, falling back to 1 default profile: "default"
2023-07-17T07:44:35.142-04:00  INFO 25252 --- [main] .s.d.r.c.RepositoryConfigurationDelegate : Bootstrapping Spring Data JPA repositories in DEFAULT mode.
2023-07-17T07:44:35.246-04:00  INFO 25252 --- [main] .s.d.r.c.RepositoryConfigurationDelegate : Finished Spring Data repository scanning in 92 ms. Found 6 JPA repository interfaces.
2023-07-17T07:44:35.935-04:00  INFO 25252 --- [main] o.hibernate.jpa.internal.util.LogHelper  : HHH000204: Processing PersistenceUnitInfo [name: default]
2023-07-17T07:44:36.013-04:00  INFO 25252 --- [main] org.hibernate.Version                    : HHH000412: Hibernate ORM core version 6.2.5.Final
2023-07-17T07:44:36.015-04:00  INFO 25252 --- [main] org.hibernate.cfg.Environment            : HHH000406: Using bytecode reflection optimizer
2023-07-17T07:44:36.180-04:00  INFO 25252 --- [main] o.h.b.i.BytecodeProviderInitiator        : HHH000021: Bytecode provider name : bytebuddy
2023-07-17T07:44:36.299-04:00  INFO 25252 --- [main] o.s.o.j.p.SpringPersistenceUnitInfo      : No LoadTimeWeaver setup: ignoring JPA class transformer
2023-07-17T07:44:36.330-04:00  INFO 25252 --- [main] com.zaxxer.hikari.HikariDataSource       : HikariPool-1 - Starting...
2023-07-17T07:44:36.574-04:00  INFO 25252 --- [main] com.zaxxer.hikari.pool.HikariPool        : HikariPool-1 - Added connection org.postgresql.jdbc.PgConnection@394a6d2b
2023-07-17T07:44:36.576-04:00  INFO 25252 --- [main] com.zaxxer.hikari.HikariDataSource       : HikariPool-1 - Start completed.
2023-07-17T07:44:36.846-04:00  INFO 25252 --- [main] o.h.b.i.BytecodeProviderInitiator        : HHH000021: Bytecode provider name : bytebuddy
2023-07-17T07:44:37.594-04:00  INFO 25252 --- [main] o.h.e.t.j.p.i.JtaPlatformInitiator       : HHH000490: Using JtaPlatform implementation: [org.hibernate.engine.transaction.jta.platform.internal.NoJtaPlatform]
2023-07-17T07:44:37.609-04:00 DEBUG 25252 --- [main] org.hibernate.SQL                        : alter table if exists books drop constraint if exists FKfjixh2vym2cvfj3ufxj91jem7
2023-07-17T07:44:37.614-04:00  WARN 25252 --- [main] o.h.engine.jdbc.spi.SqlExceptionHelper   : SQL Warning Code: 0, SQLState: 00000
2023-07-17T07:44:37.614-04:00  WARN 25252 --- [main] o.h.engine.jdbc.spi.SqlExceptionHelper   : relation "books" does not exist, skipping
2023-07-17T07:44:37.614-04:00 DEBUG 25252 --- [main] org.hibernate.SQL                        : alter table if exists bookshelf drop constraint if exists FKpo9br4r8qpk6nxjnd2tcd1nso
2023-07-17T07:44:37.615-04:00  WARN 25252 --- [main] o.h.engine.jdbc.spi.SqlExceptionHelper   : SQL Warning Code: 0, SQLState: 00000
2023-07-17T07:44:37.615-04:00  WARN 25252 --- [main] o.h.engine.jdbc.spi.SqlExceptionHelper   : relation "bookshelf" does not exist, skipping
2023-07-17T07:44:37.615-04:00 DEBUG 25252 --- [main] org.hibernate.SQL                        : alter table if exists bookshelf drop constraint if exists FKm9xalchls1ovyd7m8it34mgod
2023-07-17T07:44:37.615-04:00  WARN 25252 --- [main] o.h.engine.jdbc.spi.SqlExceptionHelper   : SQL Warning Code: 0, SQLState: 00000
2023-07-17T07:44:37.615-04:00  WARN 25252 --- [main] o.h.engine.jdbc.spi.SqlExceptionHelper   : relation "bookshelf" does not exist, skipping
2023-07-17T07:44:37.615-04:00 DEBUG 25252 --- [main] org.hibernate.SQL                        : alter table if exists ratings drop constraint if exists FKkfvr37p77ac6tn72nqk0927q0
2023-07-17T07:44:37.616-04:00  WARN 25252 --- [main] o.h.engine.jdbc.spi.SqlExceptionHelper   : SQL Warning Code: 0, SQLState: 00000
2023-07-17T07:44:37.616-04:00  WARN 25252 --- [main] o.h.engine.jdbc.spi.SqlExceptionHelper   : relation "ratings" does not exist, skipping
2023-07-17T07:44:37.616-04:00 DEBUG 25252 --- [main] org.hibernate.SQL                        : alter table if exists ratings drop constraint if exists FKldi3twb2xod3e4byd4xx35cqi
2023-07-17T07:44:37.616-04:00  WARN 25252 --- [main] o.h.engine.jdbc.spi.SqlExceptionHelper   : SQL Warning Code: 0, SQLState: 00000
2023-07-17T07:44:37.616-04:00  WARN 25252 --- [main] o.h.engine.jdbc.spi.SqlExceptionHelper   : relation "ratings" does not exist, skipping
2023-07-17T07:44:37.616-04:00 DEBUG 25252 --- [main] org.hibernate.SQL                        : alter table if exists ratings drop constraint if exists FKb3354ee2xxvdrbyq9f42jdayd
2023-07-17T07:44:37.617-04:00  WARN 25252 --- [main] o.h.engine.jdbc.spi.SqlExceptionHelper   : SQL Warning Code: 0, SQLState: 00000
2023-07-17T07:44:37.617-04:00  WARN 25252 --- [main] o.h.engine.jdbc.spi.SqlExceptionHelper   : relation "ratings" does not exist, skipping
2023-07-17T07:44:37.617-04:00 DEBUG 25252 --- [main] org.hibernate.SQL                        : alter table if exists reviews drop constraint if exists FKtrnvqp8p8qckc01n5ie74kugv
2023-07-17T07:44:37.617-04:00  WARN 25252 --- [main] o.h.engine.jdbc.spi.SqlExceptionHelper   : SQL Warning Code: 0, SQLState: 00000
2023-07-17T07:44:37.617-04:00  WARN 25252 --- [main] o.h.engine.jdbc.spi.SqlExceptionHelper   : relation "reviews" does not exist, skipping
2023-07-17T07:44:37.618-04:00 DEBUG 25252 --- [main] org.hibernate.SQL                        : alter table if exists reviews drop constraint if exists FK6a9k6xvev80se5rreqvuqr7f9
2023-07-17T07:44:37.618-04:00  WARN 25252 --- [main] o.h.engine.jdbc.spi.SqlExceptionHelper   : SQL Warning Code: 0, SQLState: 00000
2023-07-17T07:44:37.618-04:00  WARN 25252 --- [main] o.h.engine.jdbc.spi.SqlExceptionHelper   : relation "reviews" does not exist, skipping
2023-07-17T07:44:37.618-04:00 DEBUG 25252 --- [main] org.hibernate.SQL                        : alter table if exists reviews drop constraint if exists FKcgy7qjc1r99dp117y9en6lxye
2023-07-17T07:44:37.618-04:00  WARN 25252 --- [main] o.h.engine.jdbc.spi.SqlExceptionHelper   : SQL Warning Code: 0, SQLState: 00000
2023-07-17T07:44:37.618-04:00  WARN 25252 --- [main] o.h.engine.jdbc.spi.SqlExceptionHelper   : relation "reviews" does not exist, skipping
2023-07-17T07:44:37.619-04:00 DEBUG 25252 --- [main] org.hibernate.SQL                        : drop table if exists authors cascade
2023-07-17T07:44:37.619-04:00  WARN 25252 --- [main] o.h.engine.jdbc.spi.SqlExceptionHelper   : SQL Warning Code: 0, SQLState: 00000
2023-07-17T07:44:37.619-04:00  WARN 25252 --- [main] o.h.engine.jdbc.spi.SqlExceptionHelper   : table "authors" does not exist, skipping
2023-07-17T07:44:37.619-04:00 DEBUG 25252 --- [main] org.hibernate.SQL                        : drop table if exists books cascade
2023-07-17T07:44:37.620-04:00  WARN 25252 --- [main] o.h.engine.jdbc.spi.SqlExceptionHelper   : SQL Warning Code: 0, SQLState: 00000
2023-07-17T07:44:37.620-04:00  WARN 25252 --- [main] o.h.engine.jdbc.spi.SqlExceptionHelper   : table "books" does not exist, skipping
2023-07-17T07:44:37.620-04:00 DEBUG 25252 --- [main] org.hibernate.SQL                        : drop table if exists bookshelf cascade
2023-07-17T07:44:37.620-04:00  WARN 25252 --- [main] o.h.engine.jdbc.spi.SqlExceptionHelper   : SQL Warning Code: 0, SQLState: 00000
2023-07-17T07:44:37.620-04:00  WARN 25252 --- [main] o.h.engine.jdbc.spi.SqlExceptionHelper   : table "bookshelf" does not exist, skipping
2023-07-17T07:44:37.620-04:00 DEBUG 25252 --- [main] org.hibernate.SQL                        : drop table if exists ratings cascade
2023-07-17T07:44:37.621-04:00  WARN 25252 --- [main] o.h.engine.jdbc.spi.SqlExceptionHelper   : SQL Warning Code: 0, SQLState: 00000
2023-07-17T07:44:37.621-04:00  WARN 25252 --- [main] o.h.engine.jdbc.spi.SqlExceptionHelper   : table "ratings" does not exist, skipping
2023-07-17T07:44:37.621-04:00 DEBUG 25252 --- [main] org.hibernate.SQL                        : drop table if exists reviews cascade
2023-07-17T07:44:37.621-04:00  WARN 25252 --- [main] o.h.engine.jdbc.spi.SqlExceptionHelper   : SQL Warning Code: 0, SQLState: 00000
2023-07-17T07:44:37.621-04:00  WARN 25252 --- [main] o.h.engine.jdbc.spi.SqlExceptionHelper   : table "reviews" does not exist, skipping
2023-07-17T07:44:37.621-04:00 DEBUG 25252 --- [main] org.hibernate.SQL                        : drop table if exists users cascade
2023-07-17T07:44:37.622-04:00  WARN 25252 --- [main] o.h.engine.jdbc.spi.SqlExceptionHelper   : SQL Warning Code: 0, SQLState: 00000
2023-07-17T07:44:37.622-04:00  WARN 25252 --- [main] o.h.engine.jdbc.spi.SqlExceptionHelper   : table "users" does not exist, skipping
2023-07-17T07:44:37.628-04:00 DEBUG 25252 --- [main] org.hibernate.SQL                        : create table authors (author_id bigserial not null, name varchar(255), primary key (author_id))
2023-07-17T07:44:37.636-04:00 DEBUG 25252 --- [main] org.hibernate.SQL                        : create table books (author_id bigint, book_id bigserial not null, image varchar(255), isbn varchar(255), title varchar(255), primary key (book_id))
2023-07-17T07:44:37.645-04:00 DEBUG 25252 --- [main] org.hibernate.SQL                        : create table bookshelf (book_id bigint, shelf_id bigserial not null, user_id bigint, read_status varchar(255), primary key (shelf_id))
2023-07-17T07:44:37.648-04:00 DEBUG 25252 --- [main] org.hibernate.SQL                        : create table ratings (overall_ranking float4, rating float4, author_id bigint, book_id bigint, rating_id bigserial not null, user_id bigint, primary key (rating_id))
2023-07-17T07:44:37.653-04:00 DEBUG 25252 --- [main] org.hibernate.SQL                        : create table reviews (author_id bigint, book_id bigint, review_id bigserial not null, user_id bigint, review varchar(255), primary key (review_id))
2023-07-17T07:44:37.657-04:00 DEBUG 25252 --- [main] org.hibernate.SQL                        : create table users (zip_code integer, date_of_birth timestamp(6), user_id bigserial not null, address varchar(255), city varchar(255), email varchar(255), first_name varchar(255), last_name varchar(255), password varchar(255), phone_number varchar(255), state varchar(255), username varchar(255), primary key (user_id))
2023-07-17T07:44:37.664-04:00 DEBUG 25252 --- [main] org.hibernate.SQL                        : alter table if exists books add constraint FKfjixh2vym2cvfj3ufxj91jem7 foreign key (author_id) references authors
2023-07-17T07:44:37.667-04:00 DEBUG 25252 --- [main] org.hibernate.SQL                        : alter table if exists bookshelf add constraint FKpo9br4r8qpk6nxjnd2tcd1nso foreign key (book_id) references books
2023-07-17T07:44:37.669-04:00 DEBUG 25252 --- [main] org.hibernate.SQL                        : alter table if exists bookshelf add constraint FKm9xalchls1ovyd7m8it34mgod foreign key (user_id) references users
2023-07-17T07:44:37.671-04:00 DEBUG 25252 --- [main] org.hibernate.SQL                        : alter table if exists ratings add constraint FKkfvr37p77ac6tn72nqk0927q0 foreign key (author_id) references authors
2023-07-17T07:44:37.673-04:00 DEBUG 25252 --- [main] org.hibernate.SQL                        : alter table if exists ratings add constraint FKldi3twb2xod3e4byd4xx35cqi foreign key (book_id) references books
2023-07-17T07:44:37.674-04:00 DEBUG 25252 --- [main] org.hibernate.SQL                        : alter table if exists ratings add constraint FKb3354ee2xxvdrbyq9f42jdayd foreign key (user_id) references users
2023-07-17T07:44:37.675-04:00 DEBUG 25252 --- [main] org.hibernate.SQL                        : alter table if exists reviews add constraint FKtrnvqp8p8qckc01n5ie74kugv foreign key (author_id) references authors
2023-07-17T07:44:37.677-04:00 DEBUG 25252 --- [main] org.hibernate.SQL                        : alter table if exists reviews add constraint FK6a9k6xvev80se5rreqvuqr7f9 foreign key (book_id) references books
2023-07-17T07:44:37.678-04:00 DEBUG 25252 --- [main] org.hibernate.SQL                        : alter table if exists reviews add constraint FKcgy7qjc1r99dp117y9en6lxye foreign key (user_id) references users
2023-07-17T07:44:37.683-04:00  INFO 25252 --- [main] j.LocalContainerEntityManagerFactoryBean : Initialized JPA EntityManagerFactory for persistence unit 'default'
2023-07-17T07:44:38.280-04:00  WARN 25252 --- [main] JpaBaseConfiguration$JpaWebConfiguration : spring.jpa.open-in-view is enabled by default. Therefore, database queries may be performed during view rendering. Explicitly configure spring.jpa.open-in-view to disable this warning
2023-07-17T07:44:38.381-04:00  WARN 25252 --- [main] .s.s.UserDetailsServiceAutoConfiguration : 

Using generated security password: 1ce5886d-638a-4299-a617-e375929d1895

This generated password is for development use only. Your security configuration must be updated before running your application in production.

2023-07-17T07:44:38.742-04:00  INFO 25252 --- [main] o.s.s.web.DefaultSecurityFilterChain     : Will secure any request with [org.springframework.security.web.session.DisableEncodeUrlFilter@47f8374, org.springframework.security.web.context.request.async.WebAsyncManagerIntegrationFilter@22a8e87b, org.springframework.security.web.context.SecurityContextHolderFilter@69346100, org.springframework.security.web.header.HeaderWriterFilter@c5e7696, org.springframework.security.web.authentication.logout.LogoutFilter@58267ba1, org.springframework.security.web.authentication.UsernamePasswordAuthenticationFilter@34e7cde3, org.springframework.security.web.savedrequest.RequestCacheAwareFilter@65293ca5, org.springframework.security.web.servletapi.SecurityContextHolderAwareRequestFilter@17d83fe4, org.springframework.security.web.authentication.AnonymousAuthenticationFilter@b8c6406, org.springframework.security.web.access.ExceptionTranslationFilter@4c31b6c2, org.springframework.security.web.access.intercept.AuthorizationFilter@70ca8e72]
2023-07-17T07:44:39.163-04:00  INFO 25252 --- [main] c.s.b.BookReviewAppApplicationTests      : Started BookReviewAppApplicationTests in 5.138 seconds (process running for 6.126)
2023-07-17T07:44:39.621-04:00  INFO 25252 --- [SpringApplicationShutdownHook] j.LocalContainerEntityManagerFactoryBean : Closing JPA EntityManagerFactory for persistence unit 'default'
2023-07-17T07:44:39.622-04:00 DEBUG 25252 --- [SpringApplicationShutdownHook] org.hibernate.SQL                        : alter table if exists books drop constraint if exists FKfjixh2vym2cvfj3ufxj91jem7
2023-07-17T07:44:39.629-04:00 DEBUG 25252 --- [SpringApplicationShutdownHook] org.hibernate.SQL                        : alter table if exists bookshelf drop constraint if exists FKpo9br4r8qpk6nxjnd2tcd1nso
2023-07-17T07:44:39.630-04:00 DEBUG 25252 --- [SpringApplicationShutdownHook] org.hibernate.SQL                        : alter table if exists bookshelf drop constraint if exists FKm9xalchls1ovyd7m8it34mgod
2023-07-17T07:44:39.631-04:00 DEBUG 25252 --- [SpringApplicationShutdownHook] org.hibernate.SQL                        : alter table if exists ratings drop constraint if exists FKkfvr37p77ac6tn72nqk0927q0
2023-07-17T07:44:39.633-04:00 DEBUG 25252 --- [SpringApplicationShutdownHook] org.hibernate.SQL                        : alter table if exists ratings drop constraint if exists FKldi3twb2xod3e4byd4xx35cqi
2023-07-17T07:44:39.634-04:00 DEBUG 25252 --- [SpringApplicationShutdownHook] org.hibernate.SQL                        : alter table if exists ratings drop constraint if exists FKb3354ee2xxvdrbyq9f42jdayd
2023-07-17T07:44:39.635-04:00 DEBUG 25252 --- [SpringApplicationShutdownHook] org.hibernate.SQL                        : alter table if exists reviews drop constraint if exists FKtrnvqp8p8qckc01n5ie74kugv
2023-07-17T07:44:39.636-04:00 DEBUG 25252 --- [SpringApplicationShutdownHook] org.hibernate.SQL                        : alter table if exists reviews drop constraint if exists FK6a9k6xvev80se5rreqvuqr7f9
2023-07-17T07:44:39.638-04:00 DEBUG 25252 --- [SpringApplicationShutdownHook] org.hibernate.SQL                        : alter table if exists reviews drop constraint if exists FKcgy7qjc1r99dp117y9en6lxye
2023-07-17T07:44:39.639-04:00 DEBUG 25252 --- [SpringApplicationShutdownHook] org.hibernate.SQL                        : drop table if exists authors cascade
2023-07-17T07:44:39.642-04:00 DEBUG 25252 --- [SpringApplicationShutdownHook] org.hibernate.SQL                        : drop table if exists books cascade
2023-07-17T07:44:39.647-04:00 DEBUG 25252 --- [SpringApplicationShutdownHook] org.hibernate.SQL                        : drop table if exists bookshelf cascade
2023-07-17T07:44:39.650-04:00 DEBUG 25252 --- [SpringApplicationShutdownHook] org.hibernate.SQL                        : drop table if exists ratings cascade
2023-07-17T07:44:39.653-04:00 DEBUG 25252 --- [SpringApplicationShutdownHook] org.hibernate.SQL                        : drop table if exists reviews cascade
2023-07-17T07:44:39.656-04:00 DEBUG 25252 --- [SpringApplicationShutdownHook] org.hibernate.SQL                        : drop table if exists users cascade
2023-07-17T07:44:39.661-04:00  INFO 25252 --- [SpringApplicationShutdownHook] com.zaxxer.hikari.HikariDataSource       : HikariPool-1 - Shutdown initiated...
2023-07-17T07:44:39.665-04:00  INFO 25252 --- [SpringApplicationShutdownHook] com.zaxxer.hikari.HikariDataSource       : HikariPool-1 - Shutdown completed.
